<?xml version="1.0" encoding="UTF-8"?>
<testng-results ignored="0" total="1" passed="1" failed="0" skipped="0">
  <reporter-output>
  </reporter-output>
  <suite started-at="2025-11-04T23:24:06 WEST" name="Surefire suite" finished-at="2025-11-04T23:24:42 WEST" duration-ms="35715">
    <groups>
    </groups>
    <test started-at="2025-11-04T23:24:06 WEST" name="Surefire test" finished-at="2025-11-04T23:24:42 WEST" duration-ms="35715">
      <class name="com.example.demo.AppTestTPFinal">
        <test-method is-config="true" signature="setUp()[pri:0, instance:com.example.demo.AppTestTPFinal@71b1176b]" started-at="2025-11-04T23:24:06 WEST" name="setUp" finished-at="2025-11-04T23:24:19 WEST" duration-ms="13159" status="PASS">
          <reporter-output>
          </reporter-output>
        </test-method> <!-- setUp -->
        <test-method signature="testLogin()[pri:0, instance:com.example.demo.AppTestTPFinal@71b1176b]" started-at="2025-11-04T23:24:19 WEST" name="testLogin" finished-at="2025-11-04T23:24:41 WEST" duration-ms="22509" status="PASS">
          <reporter-output>
          </reporter-output>
        </test-method> <!-- testLogin -->
        <test-method is-config="true" signature="tearDown()[pri:0, instance:com.example.demo.AppTestTPFinal@71b1176b]" started-at="2025-11-04T23:24:41 WEST" name="tearDown" finished-at="2025-11-04T23:24:41 WEST" duration-ms="0" status="PASS">
          <reporter-output>
          </reporter-output>
        </test-method> <!-- tearDown -->
      </class> <!-- com.example.demo.AppTestTPFinal -->
    </test> <!-- Surefire test -->
  </suite> <!-- Surefire suite -->
</testng-results>
